<?xml version="1.0" encoding="UTF-8"?>
<testng-results ignored="0" total="1" passed="1" failed="0" skipped="0">
  <reporter-output>
  </reporter-output>
  <suite started-at="2022-12-20T07:06:27 CET" name="Default suite" finished-at="2022-12-20T07:06:43 CET" duration-ms="16133">
    <groups>
      <group name="cucumber">
        <method signature="AbstractTestNGCucumberTests.runScenario(io.cucumber.testng.PickleWrapper,io.cucumber.testng.FeatureWrapper)[pri:0, instance:RunCarritoTest@2d901eb0]" name="runScenario" class="io.cucumber.testng.AbstractTestNGCucumberTests"/>
      </group> <!-- cucumber -->
    </groups>
    <test started-at="2022-12-20T07:06:27 CET" name="Default test" finished-at="2022-12-20T07:06:43 CET" duration-ms="16133">
      <class name="RunCarritoTest">
        <test-method is-config="true" signature="setUpClass(org.testng.ITestContext)[pri:0, instance:RunCarritoTest@2d901eb0]" started-at="2022-12-20T07:06:27 CET" name="setUpClass" finished-at="2022-12-20T07:06:27 CET" duration-ms="293" status="PASS">
          <params>
            <param index="0">
              <value>
                <![CDATA[org.testng.TestRunner@3bbf6abe]]>
              </value>
            </param>
          </params>
          <reporter-output>
          </reporter-output>
        </test-method> <!-- setUpClass -->
        <test-method signature="runScenario(io.cucumber.testng.PickleWrapper,io.cucumber.testng.FeatureWrapper)[pri:0, instance:RunCarritoTest@2d901eb0]" started-at="2022-12-20T07:06:27 CET" name="runScenario" description="Runs Cucumber Scenarios" data-provider="scenarios" finished-at="2022-12-20T07:06:43 CET" duration-ms="15770" status="PASS">
          <params>
            <param index="0">
              <value>
                <![CDATA["Delete billar from carrito"]]>
              </value>
            </param>
            <param index="1">
              <value>
                <![CDATA["Carrito"]]>
              </value>
            </param>
          </params>
          <reporter-output>
          </reporter-output>
        </test-method> <!-- runScenario -->
        <test-method is-config="true" signature="tearDownClass()[pri:0, instance:RunCarritoTest@2d901eb0]" started-at="2022-12-20T07:06:43 CET" name="tearDownClass" finished-at="2022-12-20T07:06:43 CET" duration-ms="13" status="PASS">
          <reporter-output>
          </reporter-output>
        </test-method> <!-- tearDownClass -->
      </class> <!-- RunCarritoTest -->
    </test> <!-- Default test -->
  </suite> <!-- Default suite -->
</testng-results>
